  [1m[35m (413.5ms)[0m  [1m[35mCREATE DATABASE "pokedex_development" ENCODING = 'unicode'[0m
  ↳ bin/rails:9
  [1m[35m (382.5ms)[0m  [1m[35mCREATE DATABASE "pokedex_test" ENCODING = 'unicode'[0m
  ↳ bin/rails:9
  [1m[35m (28.1ms)[0m  [1m[35mCREATE TABLE "schema_migrations" ("version" character varying NOT NULL PRIMARY KEY)[0m
  ↳ bin/rails:9
  [1m[35m (24.6ms)[0m  [1m[35mCREATE TABLE "ar_internal_metadata" ("key" character varying NOT NULL PRIMARY KEY, "value" character varying, "created_at" timestamp NOT NULL, "updated_at" timestamp NOT NULL)[0m
  ↳ bin/rails:9
  [1m[35m (0.3ms)[0m  [1m[34mSELECT pg_try_advisory_lock(8386783544038464810)[0m
  ↳ bin/rails:9
  [1m[35m (1.0ms)[0m  [1m[34mSELECT "schema_migrations"."version" FROM "schema_migrations" ORDER BY "schema_migrations"."version" ASC[0m
  ↳ bin/rails:9
Migrating to CreatePokemons (20180809232518)
  [1m[35m (0.2ms)[0m  [1m[35mBEGIN[0m
  ↳ bin/rails:9
  [1m[35m (22.6ms)[0m  [1m[35mCREATE TABLE "pokemons" ("id" bigserial primary key, "species" text, "nickname" text, "level" integer, "created_at" timestamp NOT NULL, "updated_at" timestamp NOT NULL)[0m
  ↳ db/migrate/20180809232518_create_pokemons.rb:3
  [1m[36mActiveRecord::SchemaMigration Create (0.7ms)[0m  [1m[32mINSERT INTO "schema_migrations" ("version") VALUES ($1) RETURNING "version"[0m  [["version", "20180809232518"]]
  ↳ bin/rails:9
  [1m[35m (0.5ms)[0m  [1m[35mCOMMIT[0m
  ↳ bin/rails:9
  [1m[36mActiveRecord::InternalMetadata Load (0.4ms)[0m  [1m[34mSELECT  "ar_internal_metadata".* FROM "ar_internal_metadata" WHERE "ar_internal_metadata"."key" = $1 LIMIT $2[0m  [["key", "environment"], ["LIMIT", 1]]
  ↳ bin/rails:9
  [1m[35m (0.2ms)[0m  [1m[35mBEGIN[0m
  ↳ bin/rails:9
  [1m[36mActiveRecord::InternalMetadata Create (0.6ms)[0m  [1m[32mINSERT INTO "ar_internal_metadata" ("key", "value", "created_at", "updated_at") VALUES ($1, $2, $3, $4) RETURNING "key"[0m  [["key", "environment"], ["value", "development"], ["created_at", "2018-08-09 23:26:35.483241"], ["updated_at", "2018-08-09 23:26:35.483241"]]
  ↳ bin/rails:9
  [1m[35m (5.6ms)[0m  [1m[35mCOMMIT[0m
  ↳ bin/rails:9
  [1m[35m (0.5ms)[0m  [1m[34mSELECT pg_advisory_unlock(8386783544038464810)[0m
  ↳ bin/rails:9
  [1m[35m (0.3ms)[0m  [1m[34mSELECT "schema_migrations"."version" FROM "schema_migrations" ORDER BY "schema_migrations"."version" ASC[0m
  ↳ bin/rails:9
  [1m[35m (0.7ms)[0m  [1m[34mSELECT "schema_migrations"."version" FROM "schema_migrations" ORDER BY "schema_migrations"."version" ASC[0m
  ↳ bin/rails:9
  [1m[35m (0.7ms)[0m  [1m[34mSELECT "schema_migrations"."version" FROM "schema_migrations" ORDER BY "schema_migrations"."version" ASC[0m
  ↳ bin/rails:9
  [1m[35m (0.8ms)[0m  [1m[34mSELECT "schema_migrations"."version" FROM "schema_migrations" ORDER BY "schema_migrations"."version" ASC[0m
  ↳ bin/rails:9
  [1m[35m (0.3ms)[0m  [1m[35mBEGIN[0m
  ↳ db/seeds.rb:8
  [1m[36mPokemon Create (1.0ms)[0m  [1m[32mINSERT INTO "pokemons" ("species", "nickname", "level", "created_at", "updated_at") VALUES ($1, $2, $3, $4, $5) RETURNING "id"[0m  [["species", "Pikachu"], ["nickname", "Frank"], ["level", 32], ["created_at", "2018-08-09 23:36:48.002772"], ["updated_at", "2018-08-09 23:36:48.002772"]]
  ↳ db/seeds.rb:8
  [1m[35m (11.5ms)[0m  [1m[35mCOMMIT[0m
  ↳ db/seeds.rb:8
  [1m[35m (0.1ms)[0m  [1m[35mBEGIN[0m
  ↳ db/seeds.rb:9
  [1m[36mPokemon Create (0.4ms)[0m  [1m[32mINSERT INTO "pokemons" ("species", "nickname", "level", "created_at", "updated_at") VALUES ($1, $2, $3, $4, $5) RETURNING "id"[0m  [["species", "Bulbasaur"], ["nickname", "Bud"], ["level", 45], ["created_at", "2018-08-09 23:36:48.016742"], ["updated_at", "2018-08-09 23:36:48.016742"]]
  ↳ db/seeds.rb:9
  [1m[35m (5.0ms)[0m  [1m[35mCOMMIT[0m
  ↳ db/seeds.rb:9
  [1m[35m (0.2ms)[0m  [1m[35mBEGIN[0m
  ↳ db/seeds.rb:10
  [1m[36mPokemon Create (0.9ms)[0m  [1m[32mINSERT INTO "pokemons" ("species", "nickname", "level", "created_at", "updated_at") VALUES ($1, $2, $3, $4, $5) RETURNING "id"[0m  [["species", "Raichu"], ["nickname", "Ray"], ["level", 60], ["created_at", "2018-08-09 23:36:48.023121"], ["updated_at", "2018-08-09 23:36:48.023121"]]
  ↳ db/seeds.rb:10
  [1m[35m (0.4ms)[0m  [1m[35mCOMMIT[0m
  ↳ db/seeds.rb:10
Started GET "/" for 127.0.0.1 at 2018-08-10 09:40:33 +1000
  [1m[35m (0.7ms)[0m  [1m[34mSELECT "schema_migrations"."version" FROM "schema_migrations" ORDER BY "schema_migrations"."version" ASC[0m
  ↳ /Users/tongyu/.rvm/gems/ruby-2.5.1/gems/activerecord-5.2.1/lib/active_record/log_subscriber.rb:98
Processing by PokemonsController#index as HTML
  Rendering pokemons/index.html.erb within layouts/application
  Rendered pokemons/index.html.erb within layouts/application (1.1ms)
Completed 200 OK in 470ms (Views: 461.8ms | ActiveRecord: 0.0ms)


Started GET "/" for 127.0.0.1 at 2018-08-10 09:44:00 +1000
Processing by PokemonsController#index as HTML
  Rendering pokemons/index.html.erb within layouts/application
  [1m[36mPokemon Load (0.8ms)[0m  [1m[34mSELECT "pokemons".* FROM "pokemons"[0m
  ↳ app/views/pokemons/index.html.erb:2
  Rendered pokemons/index.html.erb within layouts/application (16.8ms)
Completed 200 OK in 38ms (Views: 24.8ms | ActiveRecord: 9.3ms)


Started GET "/1" for 127.0.0.1 at 2018-08-10 09:44:02 +1000
  
ActionController::RoutingError (No route matches [GET] "/1"):
  
actionpack (5.2.1) lib/action_dispatch/middleware/debug_exceptions.rb:65:in `call'
web-console (3.6.2) lib/web_console/middleware.rb:135:in `call_app'
web-console (3.6.2) lib/web_console/middleware.rb:30:in `block in call'
web-console (3.6.2) lib/web_console/middleware.rb:20:in `catch'
web-console (3.6.2) lib/web_console/middleware.rb:20:in `call'
actionpack (5.2.1) lib/action_dispatch/middleware/show_exceptions.rb:33:in `call'
railties (5.2.1) lib/rails/rack/logger.rb:38:in `call_app'
railties (5.2.1) lib/rails/rack/logger.rb:26:in `block in call'
activesupport (5.2.1) lib/active_support/tagged_logging.rb:71:in `block in tagged'
activesupport (5.2.1) lib/active_support/tagged_logging.rb:28:in `tagged'
activesupport (5.2.1) lib/active_support/tagged_logging.rb:71:in `tagged'
railties (5.2.1) lib/rails/rack/logger.rb:26:in `call'
sprockets-rails (3.2.1) lib/sprockets/rails/quiet_assets.rb:13:in `call'
actionpack (5.2.1) lib/action_dispatch/middleware/remote_ip.rb:81:in `call'
actionpack (5.2.1) lib/action_dispatch/middleware/request_id.rb:27:in `call'
rack (2.0.5) lib/rack/method_override.rb:22:in `call'
rack (2.0.5) lib/rack/runtime.rb:22:in `call'
activesupport (5.2.1) lib/active_support/cache/strategy/local_cache_middleware.rb:29:in `call'
actionpack (5.2.1) lib/action_dispatch/middleware/executor.rb:14:in `call'
actionpack (5.2.1) lib/action_dispatch/middleware/static.rb:127:in `call'
rack (2.0.5) lib/rack/sendfile.rb:111:in `call'
railties (5.2.1) lib/rails/engine.rb:524:in `call'
puma (3.12.0) lib/puma/configuration.rb:225:in `call'
puma (3.12.0) lib/puma/server.rb:658:in `handle_request'
puma (3.12.0) lib/puma/server.rb:472:in `process_client'
puma (3.12.0) lib/puma/server.rb:332:in `block in run'
puma (3.12.0) lib/puma/thread_pool.rb:133:in `block in spawn_thread'
Started GET "/" for 127.0.0.1 at 2018-08-10 09:44:04 +1000
Processing by PokemonsController#index as HTML
  Rendering pokemons/index.html.erb within layouts/application
  [1m[36mPokemon Load (0.4ms)[0m  [1m[34mSELECT "pokemons".* FROM "pokemons"[0m
  ↳ app/views/pokemons/index.html.erb:2
  Rendered pokemons/index.html.erb within layouts/application (1.5ms)
Completed 200 OK in 24ms (Views: 20.5ms | ActiveRecord: 0.4ms)


Started GET "/2" for 127.0.0.1 at 2018-08-10 09:45:13 +1000
  
ActionController::RoutingError (No route matches [GET] "/2"):
  
actionpack (5.2.1) lib/action_dispatch/middleware/debug_exceptions.rb:65:in `call'
web-console (3.6.2) lib/web_console/middleware.rb:135:in `call_app'
web-console (3.6.2) lib/web_console/middleware.rb:30:in `block in call'
web-console (3.6.2) lib/web_console/middleware.rb:20:in `catch'
web-console (3.6.2) lib/web_console/middleware.rb:20:in `call'
actionpack (5.2.1) lib/action_dispatch/middleware/show_exceptions.rb:33:in `call'
railties (5.2.1) lib/rails/rack/logger.rb:38:in `call_app'
railties (5.2.1) lib/rails/rack/logger.rb:26:in `block in call'
activesupport (5.2.1) lib/active_support/tagged_logging.rb:71:in `block in tagged'
activesupport (5.2.1) lib/active_support/tagged_logging.rb:28:in `tagged'
activesupport (5.2.1) lib/active_support/tagged_logging.rb:71:in `tagged'
railties (5.2.1) lib/rails/rack/logger.rb:26:in `call'
sprockets-rails (3.2.1) lib/sprockets/rails/quiet_assets.rb:13:in `call'
actionpack (5.2.1) lib/action_dispatch/middleware/remote_ip.rb:81:in `call'
actionpack (5.2.1) lib/action_dispatch/middleware/request_id.rb:27:in `call'
rack (2.0.5) lib/rack/method_override.rb:22:in `call'
rack (2.0.5) lib/rack/runtime.rb:22:in `call'
activesupport (5.2.1) lib/active_support/cache/strategy/local_cache_middleware.rb:29:in `call'
actionpack (5.2.1) lib/action_dispatch/middleware/executor.rb:14:in `call'
actionpack (5.2.1) lib/action_dispatch/middleware/static.rb:127:in `call'
rack (2.0.5) lib/rack/sendfile.rb:111:in `call'
railties (5.2.1) lib/rails/engine.rb:524:in `call'
puma (3.12.0) lib/puma/configuration.rb:225:in `call'
puma (3.12.0) lib/puma/server.rb:658:in `handle_request'
puma (3.12.0) lib/puma/server.rb:472:in `process_client'
puma (3.12.0) lib/puma/server.rb:332:in `block in run'
puma (3.12.0) lib/puma/thread_pool.rb:133:in `block in spawn_thread'
Started GET "/" for 127.0.0.1 at 2018-08-10 09:45:16 +1000
Processing by PokemonsController#index as HTML
  Rendering pokemons/index.html.erb within layouts/application
  [1m[36mPokemon Load (0.4ms)[0m  [1m[34mSELECT "pokemons".* FROM "pokemons"[0m
  ↳ app/views/pokemons/index.html.erb:2
  Rendered pokemons/index.html.erb within layouts/application (12.1ms)
Completed 200 OK in 36ms (Views: 25.6ms | ActiveRecord: 6.2ms)


Started GET "/" for 127.0.0.1 at 2018-08-10 09:45:35 +1000
Processing by PokemonsController#index as HTML
  Rendering pokemons/index.html.erb within layouts/application
  [1m[36mPokemon Load (0.4ms)[0m  [1m[34mSELECT "pokemons".* FROM "pokemons"[0m
  ↳ app/views/pokemons/index.html.erb:2
  Rendered pokemons/index.html.erb within layouts/application (1.5ms)
Completed 200 OK in 21ms (Views: 18.2ms | ActiveRecord: 0.4ms)


Started GET "/pokemons/1" for 127.0.0.1 at 2018-08-10 09:45:36 +1000
Processing by PokemonsController#show as HTML
  Parameters: {"id"=>"1"}
Completed 500 Internal Server Error in 3ms (ActiveRecord: 0.0ms)


  
NameError (uninitialized constant PokemonsController::Pokeman):
  
app/controllers/pokemons_controller.rb:8:in `show'
Started GET "/pokemons/1" for 127.0.0.1 at 2018-08-10 09:45:48 +1000
Processing by PokemonsController#show as HTML
  Parameters: {"id"=>"1"}
Completed 500 Internal Server Error in 126ms (ActiveRecord: 0.0ms)


  
NameError (undefined local variable or method `parmas' for #<PokemonsController:0x00007f9a4c98a628>
Did you mean?  params):
  
app/controllers/pokemons_controller.rb:8:in `show'
Started GET "/pokemons/1" for 127.0.0.1 at 2018-08-10 09:46:02 +1000
Processing by PokemonsController#show as HTML
  Parameters: {"id"=>"1"}
  [1m[36mPokemon Load (0.3ms)[0m  [1m[34mSELECT  "pokemons".* FROM "pokemons" WHERE "pokemons"."id" = $1 LIMIT $2[0m  [["id", 1], ["LIMIT", 1]]
  ↳ app/controllers/pokemons_controller.rb:8
  Rendering pokemons/show.html.erb within layouts/application
  Rendered pokemons/show.html.erb within layouts/application (0.3ms)
Completed 200 OK in 39ms (Views: 21.6ms | ActiveRecord: 6.0ms)


Started GET "/pokemons/1" for 127.0.0.1 at 2018-08-10 09:46:50 +1000
Processing by PokemonsController#show as HTML
  Parameters: {"id"=>"1"}
  [1m[36mPokemon Load (0.3ms)[0m  [1m[34mSELECT  "pokemons".* FROM "pokemons" WHERE "pokemons"."id" = $1 LIMIT $2[0m  [["id", 1], ["LIMIT", 1]]
  ↳ app/controllers/pokemons_controller.rb:8
  Rendering pokemons/show.html.erb within layouts/application
  Rendered pokemons/show.html.erb within layouts/application (0.6ms)
Completed 200 OK in 25ms (Views: 20.7ms | ActiveRecord: 0.3ms)


Started GET "/pokemons/1" for 127.0.0.1 at 2018-08-10 09:48:21 +1000
Processing by PokemonsController#show as HTML
  Parameters: {"id"=>"1"}
  [1m[36mPokemon Load (0.3ms)[0m  [1m[34mSELECT  "pokemons".* FROM "pokemons" WHERE "pokemons"."id" = $1 LIMIT $2[0m  [["id", 1], ["LIMIT", 1]]
  ↳ app/controllers/pokemons_controller.rb:8
  Rendering pokemons/show.html.erb within layouts/application
  Rendered pokemons/show.html.erb within layouts/application (0.5ms)
Completed 200 OK in 23ms (Views: 19.1ms | ActiveRecord: 0.3ms)


Started GET "/" for 127.0.0.1 at 2018-08-10 09:48:31 +1000
Processing by PokemonsController#index as HTML
  Rendering pokemons/index.html.erb within layouts/application
  [1m[36mPokemon Load (0.6ms)[0m  [1m[34mSELECT "pokemons".* FROM "pokemons"[0m
  ↳ app/views/pokemons/index.html.erb:2
  Rendered pokemons/index.html.erb within layouts/application (2.1ms)
Completed 200 OK in 27ms (Views: 23.5ms | ActiveRecord: 0.6ms)


Started GET "/" for 127.0.0.1 at 2018-08-10 09:48:32 +1000
Processing by PokemonsController#index as HTML
  Rendering pokemons/index.html.erb within layouts/application
  [1m[36mPokemon Load (0.4ms)[0m  [1m[34mSELECT "pokemons".* FROM "pokemons"[0m
  ↳ app/views/pokemons/index.html.erb:2
  Rendered pokemons/index.html.erb within layouts/application (1.4ms)
Completed 200 OK in 27ms (Views: 23.7ms | ActiveRecord: 0.4ms)


Started GET "/pokemons/2" for 127.0.0.1 at 2018-08-10 09:48:33 +1000
Processing by PokemonsController#show as HTML
  Parameters: {"id"=>"2"}
  [1m[36mPokemon Load (0.4ms)[0m  [1m[34mSELECT  "pokemons".* FROM "pokemons" WHERE "pokemons"."id" = $1 LIMIT $2[0m  [["id", 2], ["LIMIT", 1]]
  ↳ app/controllers/pokemons_controller.rb:8
  Rendering pokemons/show.html.erb within layouts/application
  Rendered pokemons/show.html.erb within layouts/application (0.5ms)
Completed 200 OK in 29ms (Views: 25.4ms | ActiveRecord: 0.4ms)


Started GET "/pokemons/3" for 127.0.0.1 at 2018-08-10 09:48:36 +1000
Processing by PokemonsController#show as HTML
  Parameters: {"id"=>"3"}
  [1m[36mPokemon Load (0.3ms)[0m  [1m[34mSELECT  "pokemons".* FROM "pokemons" WHERE "pokemons"."id" = $1 LIMIT $2[0m  [["id", 3], ["LIMIT", 1]]
  ↳ app/controllers/pokemons_controller.rb:8
  Rendering pokemons/show.html.erb within layouts/application
  Rendered pokemons/show.html.erb within layouts/application (0.6ms)
Completed 200 OK in 29ms (Views: 24.8ms | ActiveRecord: 0.3ms)


Started GET "/" for 127.0.0.1 at 2018-08-10 09:48:39 +1000
Processing by PokemonsController#index as HTML
  Rendering pokemons/index.html.erb within layouts/application
  [1m[36mPokemon Load (0.4ms)[0m  [1m[34mSELECT "pokemons".* FROM "pokemons"[0m
  ↳ app/views/pokemons/index.html.erb:2
  Rendered pokemons/index.html.erb within layouts/application (1.4ms)
Completed 200 OK in 27ms (Views: 23.8ms | ActiveRecord: 0.4ms)


Started GET "/pokemons/1" for 127.0.0.1 at 2018-08-10 09:49:25 +1000
Processing by PokemonsController#show as HTML
  Parameters: {"id"=>"1"}
  [1m[36mPokemon Load (0.4ms)[0m  [1m[34mSELECT  "pokemons".* FROM "pokemons" WHERE "pokemons"."id" = $1 LIMIT $2[0m  [["id", 1], ["LIMIT", 1]]
  ↳ app/controllers/pokemons_controller.rb:8
  Rendering pokemons/show.html.erb within layouts/application
  Rendered pokemons/show.html.erb within layouts/application (0.4ms)
Completed 200 OK in 32ms (Views: 28.5ms | ActiveRecord: 0.4ms)


